<?xml version="1.0" encoding="UTF-8"?>
<!-- Generated by org.testng.reporters.JUnitReportReporter -->
<testsuite hostname="DESKTOP-NMGB7R5" failures="0" tests="2" name="com.demo.cases.TestCase2" time="21.324" errors="0" timestamp="2022-04-11T16:46:58 GST" skipped="0">
  <testcase classname="com.demo.cases.TestCase2" name="verifyURL" time="10.819"/>
  <system-out/>
  <testcase classname="com.demo.cases.TestCase2" name="verifyTitle" time="10.505"/>
  <system-out/>
</testsuite> <!-- com.demo.cases.TestCase2 -->
